<?xml version="1.0" encoding="UTF-8"?>
<!-- Generated by org.testng.reporters.JUnitXMLReporter -->
<testsuite ignored="0" hostname="ENCDAPPUNLT0268" failures="2" tests="15" name="Test" time="36.237" errors="0" timestamp="2025-05-06T19:28:50 IST">
  <testcase classname="api.testcases.UserTest" name="testCreateUserData" time="2.511"/>
  <testcase classname="api.testcases.UserTest" name="testGetUserData" time="1.11"/>
  <testcase classname="api.testcases.UserTest" name="testUpdateUserData" time="2.152"/>
  <testcase classname="api.testcases.UserTest" name="testDeleteUserData" time="1.038"/>
  <testcase classname="api.testcases.PetTest" name="testCreatePetData" time="1.125"/>
  <testcase classname="api.testcases.PetTest" name="testGetPetData" time="1.028"/>
  <testcase classname="api.testcases.PetTest" name="testUpdatePetData" time="2.176"/>
  <testcase classname="api.testcases.PetTest" name="testDeletePetData" time="6.252">
    <failure type="java.lang.AssertionError" message="expected [200] but found [405]">
      <![CDATA[java.lang.AssertionError: expected [200] but found [405]
at api.testcases.PetTest.testDeletePetData(PetTest.java:178)
at java.base/java.util.ArrayList.forEach(ArrayList.java:1511)
... Removed 38 stack frames]]>
    </failure>
  </testcase> <!-- testDeletePetData -->
  <testcase classname="api.testcases.StoreTest" name="testCreateAnOrderData" time="1.068"/>
  <testcase classname="api.testcases.StoreTest" name="testGetAnOrderData" time="6.227">
    <failure type="java.lang.AssertionError" message="expected [200] but found [404]">
      <![CDATA[java.lang.AssertionError: expected [200] but found [404]
at api.testcases.StoreTest.testGetAnOrderData(StoreTest.java:107)
at java.base/java.util.ArrayList.forEach(ArrayList.java:1511)
... Removed 38 stack frames]]>
    </failure>
  </testcase> <!-- testGetAnOrderData -->
  <testcase classname="api.testcases.StoreTest" name="testDeleteAnOrderData" time="5.256"/>
  <testcase classname="api.testcases.UserTest2" name="testCreateUserData" time="1.086"/>
  <testcase classname="api.testcases.UserTest2" name="testGetUserData" time="1.097"/>
  <testcase classname="api.testcases.UserTest2" name="testUpdateUserData" time="2.139"/>
  <testcase classname="api.testcases.UserTest2" name="testDeleteUserData" time="1.034"/>
</testsuite> <!-- Test -->
