<?xml version="1.0" encoding="UTF-8"?>
<testng-results ignored="0" total="4" passed="3" failed="1" skipped="0">
  <reporter-output>
  </reporter-output>
  <suite started-at="2025-05-06T23:18:23 IST" name="Default suite" finished-at="2025-05-06T23:19:02 IST" duration-ms="38778">
    <groups>
    </groups>
    <test started-at="2025-05-06T23:18:23 IST" name="Default test" finished-at="2025-05-06T23:19:02 IST" duration-ms="38778">
      <class name="api.testcases.PetTest">
        <test-method is-config="true" signature="generatePetTestData()[pri:0, instance:api.testcases.PetTest@7d322cad]" started-at="2025-05-06T23:18:23 IST" name="generatePetTestData" finished-at="2025-05-06T23:18:24 IST" duration-ms="565" status="PASS">
          <reporter-output>
          </reporter-output>
        </test-method> <!-- generatePetTestData -->
        <test-method signature="testCreatePetData()[pri:1, instance:api.testcases.PetTest@7d322cad]" started-at="2025-05-06T23:18:24 IST" name="testCreatePetData" description="End to end Everything about your Pets" finished-at="2025-05-06T23:18:30 IST" duration-ms="6339" status="PASS">
          <reporter-output>
          </reporter-output>
        </test-method> <!-- testCreatePetData -->
        <test-method signature="testGetPetData()[pri:2, instance:api.testcases.PetTest@7d322cad]" started-at="2025-05-06T23:18:30 IST" name="testGetPetData" description="End to end  Get user by Pet Id" finished-at="2025-05-06T23:18:32 IST" depends-on-methods="api.testcases.PetTest.testCreatePetData" duration-ms="1420" status="PASS">
          <reporter-output>
          </reporter-output>
        </test-method> <!-- testGetPetData -->
        <test-method signature="testUpdatePetData()[pri:3, instance:api.testcases.PetTest@7d322cad]" started-at="2025-05-06T23:18:32 IST" name="testUpdatePetData" description="End to end Updated existing pet" finished-at="2025-05-06T23:18:46 IST" depends-on-methods="api.testcases.PetTest.testCreatePetData" duration-ms="13923" status="PASS">
          <reporter-output>
          </reporter-output>
        </test-method> <!-- testUpdatePetData -->
        <test-method signature="testDeletePetData()[pri:4, instance:api.testcases.PetTest@7d322cad]" started-at="2025-05-06T23:18:46 IST" name="testDeletePetData" description="End to end  Delete user by petId" finished-at="2025-05-06T23:19:02 IST" depends-on-methods="api.testcases.PetTest.testCreatePetData" duration-ms="16428" status="FAIL">
          <exception class="java.lang.AssertionError">
            <message>
              <![CDATA[expected [200] but found [405]]]>
            </message>
            <full-stacktrace>
              <![CDATA[java.lang.AssertionError: expected [200] but found [405]
at org.testng.Assert.fail(Assert.java:111)
at org.testng.Assert.failNotEquals(Assert.java:1578)
at org.testng.Assert.assertEqualsImpl(Assert.java:150)
at org.testng.Assert.assertEquals(Assert.java:132)
at org.testng.Assert.assertEquals(Assert.java:1419)
at org.testng.Assert.assertEquals(Assert.java:1383)
at org.testng.Assert.assertEquals(Assert.java:1429)
at api.testcases.PetTest.testDeletePetData(PetTest.java:206)
at java.base/jdk.internal.reflect.DirectMethodHandleAccessor.invoke(DirectMethodHandleAccessor.java:103)
at java.base/java.lang.reflect.Method.invoke(Method.java:580)
at org.testng.internal.invokers.MethodInvocationHelper.invokeMethod(MethodInvocationHelper.java:141)
at org.testng.internal.invokers.TestInvoker.invokeMethod(TestInvoker.java:686)
at org.testng.internal.invokers.TestInvoker.invokeTestMethod(TestInvoker.java:230)
at org.testng.internal.invokers.MethodRunner.runInSequence(MethodRunner.java:63)
at org.testng.internal.invokers.TestInvoker$MethodInvocationAgent.invoke(TestInvoker.java:992)
at org.testng.internal.invokers.TestInvoker.invokeTestMethods(TestInvoker.java:203)
at org.testng.internal.invokers.TestMethodWorker.invokeTestMethods(TestMethodWorker.java:154)
at org.testng.internal.invokers.TestMethodWorker.run(TestMethodWorker.java:134)
at java.base/java.util.ArrayList.forEach(ArrayList.java:1596)
at org.testng.TestRunner.privateRun(TestRunner.java:739)
at org.testng.TestRunner.run(TestRunner.java:614)
at org.testng.SuiteRunner.runTest(SuiteRunner.java:421)
at org.testng.SuiteRunner.runSequentially(SuiteRunner.java:413)
at org.testng.SuiteRunner.privateRun(SuiteRunner.java:373)
at org.testng.SuiteRunner.run(SuiteRunner.java:312)
at org.testng.SuiteRunnerWorker.runSuite(SuiteRunnerWorker.java:52)
at org.testng.SuiteRunnerWorker.run(SuiteRunnerWorker.java:95)
at org.testng.TestNG.runSuitesSequentially(TestNG.java:1274)
at org.testng.TestNG.runSuitesLocally(TestNG.java:1208)
at org.testng.TestNG.runSuites(TestNG.java:1112)
at org.testng.TestNG.run(TestNG.java:1079)
at org.testng.remote.AbstractRemoteTestNG.run(AbstractRemoteTestNG.java:115)
at org.testng.remote.RemoteTestNG.initAndRun(RemoteTestNG.java:293)
at org.testng.remote.RemoteTestNG.main(RemoteTestNG.java:91)
]]>
            </full-stacktrace>
          </exception> <!-- java.lang.AssertionError -->
          <reporter-output>
          </reporter-output>
        </test-method> <!-- testDeletePetData -->
      </class> <!-- api.testcases.PetTest -->
    </test> <!-- Default test -->
  </suite> <!-- Default suite -->
</testng-results>
